<?xml version="1.0" encoding="UTF-8"?>
<testng-results skipped="0" failed="0" total="2" passed="2">
  <reporter-output>
  </reporter-output>
  <suite name="Default suite" duration-ms="23904" started-at="2019-05-30T06:58:28Z" finished-at="2019-05-30T06:58:52Z">
    <groups>
    </groups>
    <test name="Default test" duration-ms="23904" started-at="2019-05-30T06:58:28Z" finished-at="2019-05-30T06:58:52Z">
      <class name="com.testcases.LoginTest">
        <test-method status="PASS" signature="setUp()[pri:0, instance:com.testcases.LoginTest@643b1d11]" name="setUp" is-config="true" duration-ms="14587" started-at="2019-05-30T12:28:28Z" finished-at="2019-05-30T12:28:43Z">
          <reporter-output>
          </reporter-output>
        </test-method> <!-- setUp -->
        <test-method status="PASS" signature="loginpagevalidationTest()[pri:0, instance:com.testcases.LoginTest@643b1d11]" name="loginpagevalidationTest" duration-ms="55" started-at="2019-05-30T12:28:43Z" finished-at="2019-05-30T12:28:43Z">
          <reporter-output>
          </reporter-output>
        </test-method> <!-- loginpagevalidationTest -->
        <test-method status="PASS" signature="teardown()[pri:0, instance:com.testcases.LoginTest@643b1d11]" name="teardown" is-config="true" duration-ms="724" started-at="2019-05-30T12:28:43Z" finished-at="2019-05-30T12:28:43Z">
          <reporter-output>
          </reporter-output>
        </test-method> <!-- teardown -->
        <test-method status="PASS" signature="setUp()[pri:0, instance:com.testcases.LoginTest@643b1d11]" name="setUp" is-config="true" duration-ms="7761" started-at="2019-05-30T12:28:43Z" finished-at="2019-05-30T12:28:51Z">
          <reporter-output>
          </reporter-output>
        </test-method> <!-- setUp -->
        <test-method status="PASS" signature="logintesttest()[pri:0, instance:com.testcases.LoginTest@643b1d11]" name="logintesttest" duration-ms="7" started-at="2019-05-30T12:28:51Z" finished-at="2019-05-30T12:28:51Z">
          <reporter-output>
          </reporter-output>
        </test-method> <!-- logintesttest -->
        <test-method status="PASS" signature="teardown()[pri:0, instance:com.testcases.LoginTest@643b1d11]" name="teardown" is-config="true" duration-ms="688" started-at="2019-05-30T12:28:51Z" finished-at="2019-05-30T12:28:52Z">
          <reporter-output>
          </reporter-output>
        </test-method> <!-- teardown -->
      </class> <!-- com.testcases.LoginTest -->
    </test> <!-- Default test -->
  </suite> <!-- Default suite -->
</testng-results>
